<?xml version="1.0" encoding="UTF-8"?>
<!-- Generated by org.testng.reporters.JUnitXMLReporter -->
<testsuite hostname="INA049P91K" name="Surefire test" tests="2" failures="1" timestamp="11 Feb 2019 09:00:31 GMT" time="0.025" errors="0">
  <testcase name="testforcheck" time="0.008" classname="TestNGPractice.TestforConsecutive"/>
  <testcase name="inputBlank" time="0.001" classname="TestNGPractice.TestforConsecutive">
    <failure type="java.lang.StringIndexOutOfBoundsException" message="String index out of range: 1">
      <![CDATA[java.lang.StringIndexOutOfBoundsException: String index out of range: 1
	at java.lang.String.charAt(String.java:658)
	at TestNGPractice.CheckforConsecutive.checkfunc(CheckforConsecutive.java:23)
	at TestNGPractice.TestforConsecutive.inputBlank(TestforConsecutive.java:30)
	at org.apache.maven.surefire.testng.TestNGExecutor.run(TestNGExecutor.java:115)
	at org.apache.maven.surefire.testng.TestNGDirectoryTestSuite.executeSingleClass(TestNGDirectoryTestSuite.java:128)
	at org.apache.maven.surefire.testng.TestNGDirectoryTestSuite.execute(TestNGDirectoryTestSuite.java:112)
	at org.apache.maven.surefire.testng.TestNGProvider.invoke(TestNGProvider.java:112)
	at org.apache.maven.surefire.booter.ForkedBooter.invokeProviderInSameClassLoader(ForkedBooter.java:200)
	at org.apache.maven.surefire.booter.ForkedBooter.runSuitesInProcess(ForkedBooter.java:153)
	at org.apache.maven.surefire.booter.ForkedBooter.main(ForkedBooter.java:103)
... Removed 21 stack frames]]>
    </failure>
  </testcase> <!-- inputBlank -->
</testsuite> <!-- Surefire test -->
